<?xml version="1.0" encoding="UTF-8"?>
<!-- Generated by org.testng.reporters.JUnitReportReporter -->
<testsuite hostname="fv-az74-523" failures="0" tests="2" name="runner.TestRunner" time="4.202" errors="0" timestamp="2022-08-11T05:47:27 UTC" skipped="0">
  <testcase classname="runner.TestRunner" name="runScenario" time="3.170"/>
  <system-out/>
  <testcase classname="runner.TestRunner" name="runScenario" time="1.032"/>
  <system-out/>
</testsuite> <!-- runner.TestRunner -->
